#
# There is insufficient memory for the Java Runtime Environment to continue.
# Native memory allocation (mmap) failed to map 132120576 bytes. Error detail: G1 virtual space
# Possible reasons:
#   The system is out of physical RAM or swap space
#   This process is running with CompressedOops enabled, and the Java Heap may be blocking the growth of the native heap
# Possible solutions:
#   Reduce memory load on the system
#   Increase physical memory or swap space
#   Check if swap backing store is full
#   Decrease Java heap size (-Xmx/-Xms)
#   Decrease number of Java threads
#   Decrease Java thread stack sizes (-Xss)
#   Set larger code cache with -XX:ReservedCodeCacheSize=
#   JVM is running with Unscaled Compressed Oops mode in which the Java heap is
#     placed in the first 4GB address space. The Java Heap base address is the
#     maximum limit for the native heap growth. Please use -XX:HeapBaseMinAddress
#     to set the Java Heap base and to place the Java Heap above 4GB virtual address.
# This output file may be truncated or incomplete.
#
#  Out of Memory Error (os_windows.cpp:3618), pid=12848, tid=13152
#
# JRE version:  (17.0.14+7) (build )
# Java VM: OpenJDK 64-Bit Server VM (17.0.14+7, mixed mode, sharing, tiered, compressed oops, compressed class ptrs, g1 gc, windows-amd64)
# No core dump will be written. Minidumps are not enabled by default on client versions of Windows
#

---------------  S U M M A R Y ------------

Command Line: -javaagent:D:\University 2nd Semester\IntelliJ IDEA Community Edition 2024.3.5\lib\idea_rt.jar=54998 -Dfile.encoding=UTF-8 main.Main

Host: Intel(R) Core(TM) i5-10210U CPU @ 1.60GHz, 8 cores, 7G,  Windows 11 , 64 bit Build 26100 (10.0.26100.4768)
Time: Fri Aug  8 18:50:06 2025 Pakistan Standard Time elapsed time: 2.081919 seconds (0d 0h 0m 2s)

---------------  T H R E A D  ---------------

Current thread (0x0000027e7621b320):  JavaThread "Unknown thread" [_thread_in_vm, id=13152, stack(0x000000f345900000,0x000000f345a00000)]

Stack: [0x000000f345900000,0x000000f345a00000]
Native frames: (J=compiled Java code, j=interpreted, Vv=VM code, C=native code)
V  [jvm.dll+0x682eb9]
V  [jvm.dll+0x8399c8]
V  [jvm.dll+0x83b473]
V  [jvm.dll+0x83bae3]
V  [jvm.dll+0x24715f]
V  [jvm.dll+0x67fc99]
V  [jvm.dll+0x674b8a]
V  [jvm.dll+0x304c06]
V  [jvm.dll+0x30c0c6]
V  [jvm.dll+0x35dc3e]
V  [jvm.dll+0x35de7d]
V  [jvm.dll+0x2dbfcc]
V  [jvm.dll+0x2dcee4]
V  [jvm.dll+0x80b8db]
V  [jvm.dll+0x36b671]
V  [jvm.dll+0x7ea2cf]
V  [jvm.dll+0x3f226f]
V  [jvm.dll+0x3f3da1]
C  [jli.dll+0x5278]
C  [ucrtbase.dll+0x37b0]
C  [KERNEL32.DLL+0x2e8d7]
C  [ntdll.dll+0x3c34c]


---------------  P R O C E S S  ---------------

Threads class SMR info:
_java_thread_list=0x00007fff9f627f58, length=0, elements={
}

Java Threads: ( => current thread )

Other Threads:
  0x0000027e7627b040 GCTaskThread "GC Thread#0" [stack: 0x000000f345a00000,0x000000f345b00000] [id=14824]
  0x0000027e7628c830 ConcurrentGCThread "G1 Main Marker" [stack: 0x000000f345b00000,0x000000f345c00000] [id=18540]
  0x0000027e7628d250 ConcurrentGCThread "G1 Conc#0" [stack: 0x000000f345c00000,0x000000f345d00000] [id=8116]

[error occurred during error reporting (printing all threads), id 0xc0000005, EXCEPTION_ACCESS_VIOLATION (0xc0000005) at pc=0x00007fff9eddcaf7]

VM state: not at safepoint (not fully initialized)

VM Mutex/Monitor currently owned by a thread:  ([mutex/lock_event])
[0x0000027e76217240] Heap_lock - owner thread: 0x0000027e7621b320

Heap address: 0x0000000082800000, size: 2008 MB, Compressed Oops mode: 32-bit

CDS archive(s) mapped at: [0x0000000000000000-0x0000000000000000-0x0000000000000000), size 0, SharedBaseAddress: 0x0000000800000000, ArchiveRelocationMode: 1.
Narrow klass base: 0x0000000000000000, Narrow klass shift: 0, Narrow klass range: 0x0

GC Precious Log:
<Empty>

Heap:
 garbage-first heap   total 0K, used 0K [0x0000000082800000, 0x0000000100000000)
  region size 1024K, 0 young (0K), 0 survivors (0K)

[error occurred during error reporting (printing heap information), id 0xc0000005, EXCEPTION_ACCESS_VIOLATION (0xc0000005) at pc=0x00007fff9f1cc619]

GC Heap History (0 events):
No events

Dll operation events (1 events):
Event: 0.029 Loaded shared library C:\Program Files\Eclipse Adoptium\jdk-17.0.14.7-hotspot\bin\java.dll

Deoptimization events (0 events):
No events

Classes loaded (0 events):
No events

Classes unloaded (0 events):
No events

Classes redefined (0 events):
No events

Internal exceptions (0 events):
No events

VM Operations (0 events):
No events

Memory protections (0 events):
No events

Nmethod flushes (0 events):
No events

Events (0 events):
No events


Dynamic libraries:
0x00007ff6fcee0000 - 0x00007ff6fceee000 	C:\Program Files\Eclipse Adoptium\jdk-17.0.14.7-hotspot\bin\java.exe
0x00007ffffd480000 - 0x00007ffffd6e7000 	C:\WINDOWS\SYSTEM32\ntdll.dll
0x00007fffd11b0000 - 0x00007fffd11d0000 	C:\Program Files\Avast Software\Avast\aswhook.dll
0x00007ffffb310000 - 0x00007ffffb3d9000 	C:\WINDOWS\System32\KERNEL32.DLL
0x00007ffffab60000 - 0x00007ffffaf50000 	C:\WINDOWS\System32\KERNELBASE.dll
0x00007ffffaa10000 - 0x00007ffffab5b000 	C:\WINDOWS\System32\ucrtbase.dll
0x00007ffff4f80000 - 0x00007ffff4f97000 	C:\Program Files\Eclipse Adoptium\jdk-17.0.14.7-hotspot\bin\jli.dll
0x00007ffffb7c0000 - 0x00007ffffb985000 	C:\WINDOWS\System32\USER32.dll
0x00007ffffa720000 - 0x00007ffffa747000 	C:\WINDOWS\System32\win32u.dll
0x00007ffffd410000 - 0x00007ffffd43b000 	C:\WINDOWS\System32\GDI32.dll
0x00007ffffa750000 - 0x00007ffffa888000 	C:\WINDOWS\System32\gdi32full.dll
0x00007ffff4f10000 - 0x00007ffff4f2e000 	C:\Program Files\Eclipse Adoptium\jdk-17.0.14.7-hotspot\bin\VCRUNTIME140.dll
0x00007ffffa670000 - 0x00007ffffa713000 	C:\WINDOWS\System32\msvcp_win.dll
0x00007fffd2520000 - 0x00007fffd27ba000 	C:\WINDOWS\WinSxS\amd64_microsoft.windows.common-controls_6595b64144ccf1df_6.0.26100.4768_none_3e0c112ce331287c\COMCTL32.dll
0x00007ffffba40000 - 0x00007ffffbae9000 	C:\WINDOWS\System32\msvcrt.dll
0x00007ffffb3e0000 - 0x00007ffffb40f000 	C:\WINDOWS\System32\IMM32.DLL
0x00007ffff4f00000 - 0x00007ffff4f0c000 	C:\Program Files\Eclipse Adoptium\jdk-17.0.14.7-hotspot\bin\vcruntime140_1.dll
0x00007fffee030000 - 0x00007fffee0bd000 	C:\Program Files\Eclipse Adoptium\jdk-17.0.14.7-hotspot\bin\msvcp140.dll
0x00007fff9eaf0000 - 0x00007fff9f75b000 	C:\Program Files\Eclipse Adoptium\jdk-17.0.14.7-hotspot\bin\server\jvm.dll
0x00007ffffce00000 - 0x00007ffffceb4000 	C:\WINDOWS\System32\ADVAPI32.dll
0x00007ffffd360000 - 0x00007ffffd406000 	C:\WINDOWS\System32\sechost.dll
0x00007ffffc850000 - 0x00007ffffc968000 	C:\WINDOWS\System32\RPCRT4.dll
0x00007ffffb210000 - 0x00007ffffb284000 	C:\WINDOWS\System32\WS2_32.dll
0x00007ffffa410000 - 0x00007ffffa46e000 	C:\WINDOWS\SYSTEM32\POWRPROF.dll
0x00007fffe6a90000 - 0x00007fffe6ac5000 	C:\WINDOWS\SYSTEM32\WINMM.dll
0x00007fffeb010000 - 0x00007fffeb01b000 	C:\WINDOWS\SYSTEM32\VERSION.dll
0x00007ffffa3f0000 - 0x00007ffffa404000 	C:\WINDOWS\SYSTEM32\UMPDC.dll
0x00007ffff92f0000 - 0x00007ffff930b000 	C:\WINDOWS\SYSTEM32\kernel.appcore.dll
0x00007ffff4ed0000 - 0x00007ffff4eda000 	C:\Program Files\Eclipse Adoptium\jdk-17.0.14.7-hotspot\bin\jimage.dll
0x00007ffff7c00000 - 0x00007ffff7e41000 	C:\WINDOWS\SYSTEM32\DBGHELP.DLL
0x00007ffffbbf0000 - 0x00007ffffbf75000 	C:\WINDOWS\System32\combase.dll
0x00007ffffcfc0000 - 0x00007ffffd0a0000 	C:\WINDOWS\System32\OLEAUT32.dll
0x00007fffe9f50000 - 0x00007fffe9f93000 	C:\WINDOWS\SYSTEM32\dbgcore.DLL
0x00007ffffb170000 - 0x00007ffffb209000 	C:\WINDOWS\System32\bcryptPrimitives.dll
0x00007ffff4ec0000 - 0x00007ffff4ece000 	C:\Program Files\Eclipse Adoptium\jdk-17.0.14.7-hotspot\bin\instrument.dll
0x00007fffee000000 - 0x00007fffee025000 	C:\Program Files\Eclipse Adoptium\jdk-17.0.14.7-hotspot\bin\java.dll

dbghelp: loaded successfully - version: 4.0.5 - missing functions: none
symbol engine: initialized successfully - sym options: 0x614 - pdb path: .;C:\Program Files\Eclipse Adoptium\jdk-17.0.14.7-hotspot\bin;C:\WINDOWS\SYSTEM32;C:\Program Files\Avast Software\Avast;C:\WINDOWS\WinSxS\amd64_microsoft.windows.common-controls_6595b64144ccf1df_6.0.26100.4768_none_3e0c112ce331287c;C:\Program Files\Eclipse Adoptium\jdk-17.0.14.7-hotspot\bin\server

VM Arguments:
jvm_args: -javaagent:D:\University 2nd Semester\IntelliJ IDEA Community Edition 2024.3.5\lib\idea_rt.jar=54998 -Dfile.encoding=UTF-8 
java_command: main.Main
java_class_path (initial): D:\University 2nd Semester\Java OOPS\FinalProject.java\out\production\FinalProject.java;D:\University 2nd Semester\Java OOPS\json-20250517.jar;D:\University 2nd Semester\Java OOPS\itextpdf-5.5.13.3.jar;C:\Program Files\MySQL\mysql-connector-j-9.3.0\mysql-connector-j-9.3.0.jar
Launcher Type: SUN_STANDARD

[Global flags]
     intx CICompilerCount                          = 4                                         {product} {ergonomic}
     uint ConcGCThreads                            = 2                                         {product} {ergonomic}
     uint G1ConcRefinementThreads                  = 8                                         {product} {ergonomic}
   size_t G1HeapRegionSize                         = 1048576                                   {product} {ergonomic}
    uintx GCDrainStackTargetSize                   = 64                                        {product} {ergonomic}
   size_t InitialHeapSize                          = 132120576                                 {product} {ergonomic}
   size_t MarkStackSize                            = 4194304                                   {product} {ergonomic}
   size_t MaxHeapSize                              = 2105540608                                {product} {ergonomic}
   size_t MinHeapDeltaBytes                        = 1048576                                   {product} {ergonomic}
   size_t MinHeapSize                              = 8388608                                   {product} {ergonomic}
    uintx NonNMethodCodeHeapSize                   = 5839372                                {pd product} {ergonomic}
    uintx NonProfiledCodeHeapSize                  = 122909434                              {pd product} {ergonomic}
    uintx ProfiledCodeHeapSize                     = 122909434                              {pd product} {ergonomic}
    uintx ReservedCodeCacheSize                    = 251658240                              {pd product} {ergonomic}
     bool SegmentedCodeCache                       = true                                      {product} {ergonomic}
   size_t SoftMaxHeapSize                          = 2105540608                             {manageable} {ergonomic}
     bool UseCompressedClassPointers               = true                           {product lp64_product} {ergonomic}
     bool UseCompressedOops                        = true                           {product lp64_product} {ergonomic}
     bool UseG1GC                                  = true                                      {product} {ergonomic}
     bool UseLargePagesIndividualAllocation        = false                                  {pd product} {ergonomic}

Logging:
Log output configuration:
 #0: stdout all=warning uptime,level,tags
 #1: stderr all=off uptime,level,tags

Environment Variables:
JAVA_HOME=C:\Program Files\Eclipse Adoptium\jdk-17.0.14.7-hotspot\
PATH=C:\Program Files\Common Files\Oracle\Java\javapath;C:\Program Files\Eclipse Adoptium\jdk-17.0.14.7-hotspot\bin;C:\WINDOWS\system32;C:\WINDOWS;C:\WINDOWS\System32\Wbem;C:\WINDOWS\System32\WindowsPowerShell\v1.0\;C:\WINDOWS\System32\OpenSSH\;C:\Program Files\MySQL\MySQL Server 8.0\bin;;c:\Users\lenovo\AppData\Local\Programs\cursor\resources\app\bin;C:\Program Files\MySQL\MySQL Shell 8.0\bin\;C:\Users\lenovo\AppData\Local\Programs\Python\Python313\Scripts\;C:\Users\lenovo\AppData\Local\Programs\Python\Python313\;C:\Users\lenovo\AppData\Local\Programs\Python\Launcher\;C:\Users\lenovo\AppData\Local\Microsoft\WindowsApps;C:\Users\lenovo\AppData\Local\Programs\Microsoft VS Code\bin;C:\msys64\ucrt64\bin;;D:\University 2nd Semester\IntelliJ IDEA Community Edition 2024.3.5\bin;;C:\Users\lenovo\AppData\Local\Programs\cursor\resources\app\bin
USERNAME=lenovo
OS=Windows_NT
PROCESSOR_IDENTIFIER=Intel64 Family 6 Model 142 Stepping 12, GenuineIntel
TMP=C:\Users\lenovo\AppData\Local\Temp
TEMP=C:\Users\lenovo\AppData\Local\Temp



Periodic native trim disabled


---------------  S Y S T E M  ---------------

OS:
 Windows 11 , 64 bit Build 26100 (10.0.26100.4768)
OS uptime: 2 days 17:46 hours
Hyper-V role detected

CPU: total 8 (initial active 8) (4 cores per cpu, 2 threads per core) family 6 model 142 stepping 12 microcode 0xea, cx8, cmov, fxsr, ht, mmx, 3dnowpref, sse, sse2, sse3, ssse3, sse4.1, sse4.2, popcnt, lzcnt, tsc, tscinvbit, avx, avx2, aes, erms, clmul, bmi1, bmi2, adx, fma, vzeroupper, clflush, clflushopt, hv
Processor Information for all 8 processors :
  Max Mhz: 2112, Current Mhz: 1609, Mhz Limit: 1605

Memory: 4k page, system-wide physical 8025M (1124M free)
TotalPageFile size 10073M (AvailPageFile size 35M)
current process WorkingSet (physical memory assigned to process): 13M, peak: 13M
current process commit charge ("private bytes"): 60M, peak: 186M

vm_info: OpenJDK 64-Bit Server VM (17.0.14+7) for windows-amd64 JRE (17.0.14+7), built on Jan 21 2025 23:40:15 by "admin" with MS VC++ 17.7 (VS2022)

END.
